CRITICAL - 2025-07-02 00:14:01 --> ErrorException: Undefined variable $title
[Method: GET, Route: artikel]
in APPPATH\Views\template\header.php on line 6.
 1 APPPATH\Views\template\header.php(6): CodeIgniter\Debug\Exceptions->errorHandler(2, 'Undefined variable $title', 'C:\\xampp\\htdocs\\tugas-akhir-praktikum-pemweb2\\ci4\\app\\Views\\template\\header.php', 6)
 2 SYSTEMPATH\View\View.php(224): include('C:\\xampp\\htdocs\\tugas-akhir-praktikum-pemweb2\\ci4\\app\\Views\\template\\header.php')
 3 SYSTEMPATH\View\View.php(227): CodeIgniter\View\View->CodeIgniter\View\{closure}()
 4 SYSTEMPATH\View\View.php(475): CodeIgniter\View\View->render('template/header', null, true)
 5 APPPATH\Views\artikel\index.php(1): CodeIgniter\View\View->include('template/header')
 6 SYSTEMPATH\View\View.php(224): include('C:\\xampp\\htdocs\\tugas-akhir-praktikum-pemweb2\\ci4\\app\\Views\\artikel\\index.php')
 7 SYSTEMPATH\View\View.php(227): CodeIgniter\View\View->CodeIgniter\View\{closure}()
 8 SYSTEMPATH\Common.php(1173): CodeIgniter\View\View->render('artikel/index', [], true)
 9 APPPATH\Controllers\Artikel.php(25): view('artikel/index', [...])
10 SYSTEMPATH\CodeIgniter.php(933): App\Controllers\Artikel->index()
11 SYSTEMPATH\CodeIgniter.php(507): CodeIgniter\CodeIgniter->runController(Object(App\Controllers\Artikel))
12 SYSTEMPATH\CodeIgniter.php(354): CodeIgniter\CodeIgniter->handleRequest(null, Object(Config\Cache), false)
13 SYSTEMPATH\Boot.php(334): CodeIgniter\CodeIgniter->run()
14 SYSTEMPATH\Boot.php(67): CodeIgniter\Boot::runCodeIgniter(Object(CodeIgniter\CodeIgniter))
15 FCPATH\index.php(56): CodeIgniter\Boot::bootWeb(Object(Config\Paths))
16 SYSTEMPATH\rewrite.php(44): require_once('C:\\xampp\\htdocs\\tugas-akhir-praktikum-pemweb2\\ci4\\public\\index.php')
CRITICAL - 2025-07-02 00:14:21 --> ErrorException: Undefined variable $title
[Method: GET, Route: artikel]
in APPPATH\Views\template\header.php on line 6.
 1 APPPATH\Views\template\header.php(6): CodeIgniter\Debug\Exceptions->errorHandler(2, 'Undefined variable $title', 'C:\\xampp\\htdocs\\tugas-akhir-praktikum-pemweb2\\ci4\\app\\Views\\template\\header.php', 6)
 2 SYSTEMPATH\View\View.php(224): include('C:\\xampp\\htdocs\\tugas-akhir-praktikum-pemweb2\\ci4\\app\\Views\\template\\header.php')
 3 SYSTEMPATH\View\View.php(227): CodeIgniter\View\View->CodeIgniter\View\{closure}()
 4 SYSTEMPATH\View\View.php(475): CodeIgniter\View\View->render('template/header', null, true)
 5 APPPATH\Views\artikel\index.php(1): CodeIgniter\View\View->include('template/header')
 6 SYSTEMPATH\View\View.php(224): include('C:\\xampp\\htdocs\\tugas-akhir-praktikum-pemweb2\\ci4\\app\\Views\\artikel\\index.php')
 7 SYSTEMPATH\View\View.php(227): CodeIgniter\View\View->CodeIgniter\View\{closure}()
 8 SYSTEMPATH\Common.php(1173): CodeIgniter\View\View->render('artikel/index', [], true)
 9 APPPATH\Controllers\Artikel.php(25): view('artikel/index', [...])
10 SYSTEMPATH\CodeIgniter.php(933): App\Controllers\Artikel->index()
11 SYSTEMPATH\CodeIgniter.php(507): CodeIgniter\CodeIgniter->runController(Object(App\Controllers\Artikel))
12 SYSTEMPATH\CodeIgniter.php(354): CodeIgniter\CodeIgniter->handleRequest(null, Object(Config\Cache), false)
13 SYSTEMPATH\Boot.php(334): CodeIgniter\CodeIgniter->run()
14 SYSTEMPATH\Boot.php(67): CodeIgniter\Boot::runCodeIgniter(Object(CodeIgniter\CodeIgniter))
15 FCPATH\index.php(56): CodeIgniter\Boot::bootWeb(Object(Config\Paths))
16 SYSTEMPATH\rewrite.php(44): require_once('C:\\xampp\\htdocs\\tugas-akhir-praktikum-pemweb2\\ci4\\public\\index.php')
CRITICAL - 2025-07-02 00:14:51 --> ErrorException: Undefined variable $title
[Method: GET, Route: artikel]
in APPPATH\Views\template\header.php on line 6.
 1 APPPATH\Views\template\header.php(6): CodeIgniter\Debug\Exceptions->errorHandler(2, 'Undefined variable $title', 'C:\\xampp\\htdocs\\tugas-akhir-praktikum-pemweb2\\ci4\\app\\Views\\template\\header.php', 6)
 2 SYSTEMPATH\View\View.php(224): include('C:\\xampp\\htdocs\\tugas-akhir-praktikum-pemweb2\\ci4\\app\\Views\\template\\header.php')
 3 SYSTEMPATH\View\View.php(227): CodeIgniter\View\View->CodeIgniter\View\{closure}()
 4 SYSTEMPATH\View\View.php(475): CodeIgniter\View\View->render('template/header', null, true)
 5 APPPATH\Views\artikel\index.php(1): CodeIgniter\View\View->include('template/header')
 6 SYSTEMPATH\View\View.php(224): include('C:\\xampp\\htdocs\\tugas-akhir-praktikum-pemweb2\\ci4\\app\\Views\\artikel\\index.php')
 7 SYSTEMPATH\View\View.php(227): CodeIgniter\View\View->CodeIgniter\View\{closure}()
 8 SYSTEMPATH\Common.php(1173): CodeIgniter\View\View->render('artikel/index', [], true)
 9 APPPATH\Controllers\Artikel.php(25): view('artikel/index', [...])
10 SYSTEMPATH\CodeIgniter.php(933): App\Controllers\Artikel->index()
11 SYSTEMPATH\CodeIgniter.php(507): CodeIgniter\CodeIgniter->runController(Object(App\Controllers\Artikel))
12 SYSTEMPATH\CodeIgniter.php(354): CodeIgniter\CodeIgniter->handleRequest(null, Object(Config\Cache), false)
13 SYSTEMPATH\Boot.php(334): CodeIgniter\CodeIgniter->run()
14 SYSTEMPATH\Boot.php(67): CodeIgniter\Boot::runCodeIgniter(Object(CodeIgniter\CodeIgniter))
15 FCPATH\index.php(56): CodeIgniter\Boot::bootWeb(Object(Config\Paths))
16 SYSTEMPATH\rewrite.php(44): require_once('C:\\xampp\\htdocs\\tugas-akhir-praktikum-pemweb2\\ci4\\public\\index.php')
CRITICAL - 2025-07-02 00:16:06 --> ErrorException: Undefined variable $title
[Method: GET, Route: artikel]
in APPPATH\Views\template\header.php on line 5.
 1 APPPATH\Views\template\header.php(5): CodeIgniter\Debug\Exceptions->errorHandler(2, 'Undefined variable $title', 'C:\\xampp\\htdocs\\tugas-akhir-praktikum-pemweb2\\ci4\\app\\Views\\template\\header.php', 5)
 2 SYSTEMPATH\View\View.php(224): include('C:\\xampp\\htdocs\\tugas-akhir-praktikum-pemweb2\\ci4\\app\\Views\\template\\header.php')
 3 SYSTEMPATH\View\View.php(227): CodeIgniter\View\View->CodeIgniter\View\{closure}()
 4 SYSTEMPATH\View\View.php(475): CodeIgniter\View\View->render('template/header', null, true)
 5 APPPATH\Views\artikel\index.php(1): CodeIgniter\View\View->include('template/header')
 6 SYSTEMPATH\View\View.php(224): include('C:\\xampp\\htdocs\\tugas-akhir-praktikum-pemweb2\\ci4\\app\\Views\\artikel\\index.php')
 7 SYSTEMPATH\View\View.php(227): CodeIgniter\View\View->CodeIgniter\View\{closure}()
 8 SYSTEMPATH\Common.php(1173): CodeIgniter\View\View->render('artikel/index', [], true)
 9 APPPATH\Controllers\Artikel.php(25): view('artikel/index', [...])
10 SYSTEMPATH\CodeIgniter.php(933): App\Controllers\Artikel->index()
11 SYSTEMPATH\CodeIgniter.php(507): CodeIgniter\CodeIgniter->runController(Object(App\Controllers\Artikel))
12 SYSTEMPATH\CodeIgniter.php(354): CodeIgniter\CodeIgniter->handleRequest(null, Object(Config\Cache), false)
13 SYSTEMPATH\Boot.php(334): CodeIgniter\CodeIgniter->run()
14 SYSTEMPATH\Boot.php(67): CodeIgniter\Boot::runCodeIgniter(Object(CodeIgniter\CodeIgniter))
15 FCPATH\index.php(56): CodeIgniter\Boot::bootWeb(Object(Config\Paths))
16 SYSTEMPATH\rewrite.php(44): require_once('C:\\xampp\\htdocs\\tugas-akhir-praktikum-pemweb2\\ci4\\public\\index.php')
